#
# There is insufficient memory for the Java Runtime Environment to continue.
# Native memory allocation (mmap) failed to map 130023424 bytes for G1 virtual space
# Possible reasons:
#   The system is out of physical RAM or swap space
#   The process is running with CompressedOops enabled, and the Java Heap may be blocking the growth of the native heap
# Possible solutions:
#   Reduce memory load on the system
#   Increase physical memory or swap space
#   Check if swap backing store is full
#   Decrease Java heap size (-Xmx/-Xms)
#   Decrease number of Java threads
#   Decrease Java thread stack sizes (-Xss)
#   Set larger code cache with -XX:ReservedCodeCacheSize=
#   JVM is running with Unscaled Compressed Oops mode in which the Java heap is
#     placed in the first 4GB address space. The Java Heap base address is the
#     maximum limit for the native heap growth. Please use -XX:HeapBaseMinAddress
#     to set the Java Heap base and to place the Java Heap above 4GB virtual address.
# This output file may be truncated or incomplete.
#
#  Out of Memory Error (os_windows.cpp:3550), pid=12172, tid=11544
#
# JRE version:  (17.0.8+9) (build )
# Java VM: Java HotSpot(TM) 64-Bit Server VM (17.0.8+9-LTS-211, mixed mode, sharing, tiered, compressed oops, compressed class ptrs, g1 gc, windows-amd64)
# No core dump will be written. Minidumps are not enabled by default on client versions of Windows
#

---------------  S U M M A R Y ------------

Command Line: -Dfile.encoding=UTF-8 --module-path=C:\Users\Bhabindra Dhami\OneDrive\Documents\NetBeansProjects\Hotel Management System\build\classes hotel.management.system.Checkout

Host: 11th Gen Intel(R) Core(TM) i3-1115G4 @ 3.00GHz, 4 cores, 7G,  Windows 11 , 64 bit Build 22621 (10.0.22621.2506)
Time: Sat Jan 27 00:57:23 2024 Nepal Standard Time elapsed time: 0.028728 seconds (0d 0h 0m 0s)

---------------  T H R E A D  ---------------

Current thread (0x000001b52b36e340):  JavaThread "Unknown thread" [_thread_in_vm, id=11544, stack(0x0000000721d00000,0x0000000721e00000)]

Stack: [0x0000000721d00000,0x0000000721e00000]
Native frames: (J=compiled Java code, j=interpreted, Vv=VM code, C=native code)
V  [jvm.dll+0x677d0a]
V  [jvm.dll+0x7d8c54]
V  [jvm.dll+0x7da3fe]
V  [jvm.dll+0x7daa63]
V  [jvm.dll+0x245c5f]
V  [jvm.dll+0x674bb9]
V  [jvm.dll+0x6694f2]
V  [jvm.dll+0x3031d6]
V  [jvm.dll+0x30a756]
V  [jvm.dll+0x359f9e]
V  [jvm.dll+0x35a1cf]
V  [jvm.dll+0x2da3e8]
V  [jvm.dll+0x2db354]
V  [jvm.dll+0x7aa711]
V  [jvm.dll+0x367b51]
V  [jvm.dll+0x789979]
V  [jvm.dll+0x3eb05f]
V  [jvm.dll+0x3ecae1]
C  [jli.dll+0x5297]
C  [ucrtbase.dll+0x29363]
C  [KERNEL32.DLL+0x1257d]
C  [ntdll.dll+0x5aa58]


---------------  P R O C E S S  ---------------

Threads class SMR info:
_java_thread_list=0x00007ffb9b3f59d8, length=0, elements={
}

Java Threads: ( => current thread )

Other Threads:
  0x000001b52b3c7470 GCTaskThread "GC Thread#0" [stack: 0x0000000721e00000,0x0000000721f00000] [id=4940]
  0x000001b52b3d8a40 ConcurrentGCThread "G1 Main Marker" [stack: 0x0000000721f00000,0x0000000722000000] [id=23740]
  0x000001b52b3d9450 ConcurrentGCThread "G1 Conc#0" [stack: 0x0000000722000000,0x0000000722100000] [id=10300]

[error occurred during error reporting (printing all threads), id 0xc0000005, EXCEPTION_ACCESS_VIOLATION (0xc0000005) at pc=0x00007ffb9ac2b047]

VM state: not at safepoint (not fully initialized)

VM Mutex/Monitor currently owned by a thread:  ([mutex/lock_event])
[0x000001b52b36b3d0] Heap_lock - owner thread: 0x000001b52b36e340

Heap address: 0x0000000084c00000, size: 1972 MB, Compressed Oops mode: 32-bit

CDS archive(s) mapped at: [0x0000000000000000-0x0000000000000000-0x0000000000000000), size 0, SharedBaseAddress: 0x0000000800000000, ArchiveRelocationMode: 1.
Narrow klass base: 0x0000000000000000, Narrow klass shift: 0, Narrow klass range: 0x0

GC Precious Log:
<Empty>

Heap:
 garbage-first heap   total 0K, used 0K [0x0000000084c00000, 0x0000000100000000)
  region size 1024K, 0 young (0K), 0 survivors (0K)

[error occurred during error reporting (printing heap information), id 0xc0000005, EXCEPTION_ACCESS_VIOLATION (0xc0000005) at pc=0x00007ffb9b011499]

GC Heap History (0 events):
No events

Deoptimization events (0 events):
No events

Classes unloaded (0 events):
No events

Classes redefined (0 events):
No events

Internal exceptions (0 events):
No events

VM Operations (0 events):
No events

Events (1 events):
Event: 0.025 Loaded shared library C:\Program Files\Java\jdk-17\bin\java.dll


Dynamic libraries:
0x00007ff6e85e0000 - 0x00007ff6e85f0000 	C:\Program Files\Java\jdk-17\bin\java.exe
0x00007ffbfe8d0000 - 0x00007ffbfeae7000 	C:\WINDOWS\SYSTEM32\ntdll.dll
0x00007ffbfdc40000 - 0x00007ffbfdd04000 	C:\WINDOWS\System32\KERNEL32.DLL
0x00007ffbfbde0000 - 0x00007ffbfc186000 	C:\WINDOWS\System32\KERNELBASE.dll
0x00007ffbfc500000 - 0x00007ffbfc611000 	C:\WINDOWS\System32\ucrtbase.dll
0x00007ffbf5c00000 - 0x00007ffbf5c1b000 	C:\Program Files\Java\jdk-17\bin\VCRUNTIME140.dll
0x00007ffbf39f0000 - 0x00007ffbf3a09000 	C:\Program Files\Java\jdk-17\bin\jli.dll
0x00007ffbfc620000 - 0x00007ffbfc6d3000 	C:\WINDOWS\System32\ADVAPI32.dll
0x00007ffbfda40000 - 0x00007ffbfdae7000 	C:\WINDOWS\System32\msvcrt.dll
0x00007ffbfe210000 - 0x00007ffbfe2b8000 	C:\WINDOWS\System32\sechost.dll
0x00007ffbfc240000 - 0x00007ffbfc268000 	C:\WINDOWS\System32\bcrypt.dll
0x00007ffbfe480000 - 0x00007ffbfe597000 	C:\WINDOWS\System32\RPCRT4.dll
0x00007ffbfe5f0000 - 0x00007ffbfe79e000 	C:\WINDOWS\System32\USER32.dll
0x00007ffbfc190000 - 0x00007ffbfc1b6000 	C:\WINDOWS\System32\win32u.dll
0x00007ffbfd270000 - 0x00007ffbfd299000 	C:\WINDOWS\System32\GDI32.dll
0x00007ffbfc3e0000 - 0x00007ffbfc4f8000 	C:\WINDOWS\System32\gdi32full.dll
0x00007ffbe15f0000 - 0x00007ffbe1883000 	C:\WINDOWS\WinSxS\amd64_microsoft.windows.common-controls_6595b64144ccf1df_6.0.22621.2506_none_270c5ae97388e100\COMCTL32.dll
0x00007ffbfbc10000 - 0x00007ffbfbcaa000 	C:\WINDOWS\System32\msvcp_win.dll
0x00007ffbf5940000 - 0x00007ffbf594a000 	C:\WINDOWS\SYSTEM32\VERSION.dll
0x00007ffbfe7a0000 - 0x00007ffbfe7d1000 	C:\WINDOWS\System32\IMM32.DLL
0x00007ffbf5470000 - 0x00007ffbf547c000 	C:\Program Files\Java\jdk-17\bin\vcruntime140_1.dll
0x00007ffbedc20000 - 0x00007ffbedcae000 	C:\Program Files\Java\jdk-17\bin\msvcp140.dll
0x00007ffb9a940000 - 0x00007ffb9b51e000 	C:\Program Files\Java\jdk-17\bin\server\jvm.dll
0x00007ffbfddf0000 - 0x00007ffbfddf8000 	C:\WINDOWS\System32\PSAPI.DLL
0x00007ffbef070000 - 0x00007ffbef079000 	C:\WINDOWS\SYSTEM32\WSOCK32.dll
0x00007ffbf5a20000 - 0x00007ffbf5a54000 	C:\WINDOWS\SYSTEM32\WINMM.dll
0x00007ffbfdd10000 - 0x00007ffbfdd81000 	C:\WINDOWS\System32\WS2_32.dll
0x00007ffbfac10000 - 0x00007ffbfac28000 	C:\WINDOWS\SYSTEM32\kernel.appcore.dll
0x00007ffbf5040000 - 0x00007ffbf504a000 	C:\Program Files\Java\jdk-17\bin\jimage.dll
0x00007ffbf9120000 - 0x00007ffbf9353000 	C:\WINDOWS\SYSTEM32\DBGHELP.DLL
0x00007ffbfde20000 - 0x00007ffbfe1a9000 	C:\WINDOWS\System32\combase.dll
0x00007ffbfc6f0000 - 0x00007ffbfc7c7000 	C:\WINDOWS\System32\OLEAUT32.dll
0x00007ffbf4cb0000 - 0x00007ffbf4ce2000 	C:\WINDOWS\SYSTEM32\dbgcore.DLL
0x00007ffbfc1c0000 - 0x00007ffbfc23a000 	C:\WINDOWS\System32\bcryptPrimitives.dll
0x00007ffbf4000000 - 0x00007ffbf4025000 	C:\Program Files\Java\jdk-17\bin\java.dll

dbghelp: loaded successfully - version: 4.0.5 - missing functions: none
symbol engine: initialized successfully - sym options: 0x614 - pdb path: .;C:\Program Files\Java\jdk-17\bin;C:\WINDOWS\SYSTEM32;C:\WINDOWS\WinSxS\amd64_microsoft.windows.common-controls_6595b64144ccf1df_6.0.22621.2506_none_270c5ae97388e100;C:\Program Files\Java\jdk-17\bin\server

VM Arguments:
jvm_args: -Dfile.encoding=UTF-8 --module-path=C:\Users\Bhabindra Dhami\OneDrive\Documents\NetBeansProjects\Hotel Management System\build\classes 
java_command: hotel.management.system.Checkout
java_class_path (initial): B:\Download\mysql-connector.jar\mysql-connector.jar;B:\Download\rs2xml.jar;C:\Users\Bhabindra Dhami\OneDrive\Documents\NetBeansProjects\Hotel Management System\build\classes
Launcher Type: SUN_STANDARD

[Global flags]
     intx CICompilerCount                          = 3                                         {product} {ergonomic}
     uint ConcGCThreads                            = 1                                         {product} {ergonomic}
     uint G1ConcRefinementThreads                  = 4                                         {product} {ergonomic}
   size_t G1HeapRegionSize                         = 1048576                                   {product} {ergonomic}
    uintx GCDrainStackTargetSize                   = 64                                        {product} {ergonomic}
   size_t InitialHeapSize                          = 130023424                                 {product} {ergonomic}
   size_t MarkStackSize                            = 4194304                                   {product} {ergonomic}
   size_t MaxHeapSize                              = 2067791872                                {product} {ergonomic}
   size_t MinHeapDeltaBytes                        = 1048576                                   {product} {ergonomic}
   size_t MinHeapSize                              = 8388608                                   {product} {ergonomic}
    uintx NonNMethodCodeHeapSize                   = 5832780                                {pd product} {ergonomic}
    uintx NonProfiledCodeHeapSize                  = 122912730                              {pd product} {ergonomic}
    uintx ProfiledCodeHeapSize                     = 122912730                              {pd product} {ergonomic}
    uintx ReservedCodeCacheSize                    = 251658240                              {pd product} {ergonomic}
     bool SegmentedCodeCache                       = true                                      {product} {ergonomic}
   size_t SoftMaxHeapSize                          = 2067791872                             {manageable} {ergonomic}
     bool UseCompressedClassPointers               = true                           {product lp64_product} {ergonomic}
     bool UseCompressedOops                        = true                           {product lp64_product} {ergonomic}
     bool UseG1GC                                  = true                                      {product} {ergonomic}
     bool UseLargePagesIndividualAllocation        = false                                  {pd product} {ergonomic}

Logging:
Log output configuration:
 #0: stdout all=warning uptime,level,tags
 #1: stderr all=off uptime,level,tags

Environment Variables:
PATH=C:\Program Files\Common Files\Oracle\Java\javapath;C:\WINDOWS\system32;C:\WINDOWS;C:\WINDOWS\System32\Wbem;C:\WINDOWS\System32\WindowsPowerShell\v1.0\;C:\WINDOWS\System32\OpenSSH\;C:\TDM-GCC-64\bin;C:\Program Files\Cloudflare\Cloudflare WARP\;C:\Program Files\nodejs\;C:\Program Files\Git\cmd;C:\Users\Bhabindra Dhami\AppData\Local\Microsoft\WindowsApps;C:\Program Files (x86)\mingw-w64\i686-8.1.0-posix-dwarf-rt_v6-rev0\mingw32\bin;C:\Users\Bhabindra Dhami\AppData\Roaming\npm;C:\Users\Bhabindra Dhami\AppData\Local\GitHubDesktop\bin;C:\Users\Bhabindra Dhami\AppData\Local\Programs\Microsoft VS Code\bin
USERNAME=Bhabindra Dhami
OS=Windows_NT
PROCESSOR_IDENTIFIER=Intel64 Family 6 Model 140 Stepping 1, GenuineIntel



---------------  S Y S T E M  ---------------

OS:
 Windows 11 , 64 bit Build 22621 (10.0.22621.2506)
OS uptime: 15 days 3:57 hours
Hyper-V role detected

CPU: total 4 (initial active 4) (2 cores per cpu, 2 threads per core) family 6 model 140 stepping 1 microcode 0xa4, cx8, cmov, fxsr, ht, mmx, 3dnowpref, sse, sse2, sse3, ssse3, sse4.1, sse4.2, popcnt, lzcnt, tsc, tscinvbit, avx, avx2, aes, erms, clmul, bmi1, bmi2, adx, avx512f, avx512dq, avx512cd, avx512bw, avx512vl, sha, fma, vzeroupper, avx512_vpopcntdq, avx512_vpclmulqdq, avx512_vaes, avx512_vnni, clflush, clflushopt, clwb, avx512_vbmi2, avx512_vbmi, hv

Memory: 4k page, system-wide physical 7886M (1019M free)
TotalPageFile size 25292M (AvailPageFile size 128M)
current process WorkingSet (physical memory assigned to process): 11M, peak: 11M
current process commit charge ("private bytes"): 52M, peak: 175M

vm_info: Java HotSpot(TM) 64-Bit Server VM (17.0.8+9-LTS-211) for windows-amd64 JRE (17.0.8+9-LTS-211), built on Jun 14 2023 10:34:31 by "mach5one" with MS VC++ 17.1 (VS2022)

END.
